# JRE version: OpenJDK Runtime Environment Temurin-21.0.5+11 (21.0.5+11) (build 21.0.5+11-LTS)
# Java VM: OpenJDK 64-Bit Server VM Temurin-21.0.5+11 (21.0.5+11-LTS, mixed mode, emulated-client, sharing, tiered, compressed oops, compressed class ptrs, g1 gc, windows-amd64)
GC Precious Log:
 CardTable entry size: 512
 Card Set container configuration: InlinePtr #cards 4 size 8 Array Of Cards #cards 16 size 48 Howl #buckets 8 coarsen threshold 3686 Howl Bitmap #cards 512 size 80 coarsen threshold 460 Card regions per heap region 1 cards per card region 4096
 CPUs: 8 total, 8 available
 Memory: 16339M
 Large Page Support: Disabled
 NUMA Support: Disabled
 Compressed Oops: Enabled (Zero based)
 Heap Region Size: 2M
 Heap Min Capacity: 8M
 Heap Initial Capacity: 256M
 Heap Max Capacity: 4086M
 Pre-touch: Disabled
 Parallel Workers: 8
 Concurrent Workers: 2
 Concurrent Refinement Workers: 8
 Periodic GC: Disabled
Heap:
 garbage-first heap   total 102400K, used 44673K [0x0000000700a00000, 0x0000000800000000)
  region size 2048K, 10 young (20480K), 3 survivors (6144K)
 Metaspace       used 75319K, committed 76096K, reserved 1179648K
  class space    used 10253K, committed 10688K, reserved 1048576K
GC Heap History (20 events):
Event: 659.876 GC heap before
{Heap before GC invocations=25 (full 2):
 garbage-first heap   total 96256K, used 43641K [0x0000000700a00000, 0x0000000800000000)
  region size 2048K, 10 young (20480K), 3 survivors (6144K)
 Metaspace       used 74230K, committed 75264K, reserved 1114112K
  class space    used 10155K, committed 10624K, reserved 1048576K
}
Event: 659.919 GC heap after
{Heap after GC invocations=26 (full 3):
 garbage-first heap   total 96256K, used 26623K [0x0000000700a00000, 0x0000000800000000)
  region size 2048K, 0 young (0K), 0 survivors (0K)
 Metaspace       used 74227K, committed 75264K, reserved 1114112K
  class space    used 10155K, committed 10624K, reserved 1048576K
}
Event: 660.468 GC heap before
{Heap before GC invocations=26 (full 3):
 garbage-first heap   total 96256K, used 79871K [0x0000000700a00000, 0x0000000800000000)
  region size 2048K, 27 young (55296K), 0 survivors (0K)
 Metaspace       used 74426K, committed 75392K, reserved 1179648K
  class space    used 10171K, committed 10624K, reserved 1048576K
}
Event: 660.472 GC heap after
{Heap after GC invocations=27 (full 3):
 garbage-first heap   total 96256K, used 31418K [0x0000000700a00000, 0x0000000800000000)
  region size 2048K, 3 young (6144K), 3 survivors (6144K)
 Metaspace       used 74426K, committed 75392K, reserved 1179648K
  class space    used 10171K, committed 10624K, reserved 1048576K
}
Event: 665.066 GC heap before
{Heap before GC invocations=27 (full 3):
 garbage-first heap   total 96256K, used 45754K [0x0000000700a00000, 0x0000000800000000)
  region size 2048K, 11 young (22528K), 3 survivors (6144K)
 Metaspace       used 74438K, committed 75392K, reserved 1179648K
  class space    used 10173K, committed 10624K, reserved 1048576K
}
Event: 665.116 GC heap after
{Heap after GC invocations=28 (full 4):
 garbage-first heap   total 96256K, used 26955K [0x0000000700a00000, 0x0000000800000000)
  region size 2048K, 0 young (0K), 0 survivors (0K)
 Metaspace       used 74435K, committed 75392K, reserved 1179648K
  class space    used 10173K, committed 10624K, reserved 1048576K
}
Event: 665.633 GC heap before
{Heap before GC invocations=28 (full 4):
 garbage-first heap   total 96256K, used 78155K [0x0000000700a00000, 0x0000000800000000)
  region size 2048K, 26 young (53248K), 0 survivors (0K)
 Metaspace       used 74636K, committed 75520K, reserved 1179648K
  class space    used 10190K, committed 10624K, reserved 1048576K
}
Event: 665.636 GC heap after
{Heap after GC invocations=29 (full 4):
 garbage-first heap   total 96256K, used 31703K [0x0000000700a00000, 0x0000000800000000)
  region size 2048K, 3 young (6144K), 3 survivors (6144K)
 Metaspace       used 74636K, committed 75520K, reserved 1179648K
  class space    used 10190K, committed 10624K, reserved 1048576K
}
Event: 667.200 GC heap before
{Heap before GC invocations=29 (full 4):
 garbage-first heap   total 96256K, used 48087K [0x0000000700a00000, 0x0000000800000000)
  region size 2048K, 12 young (24576K), 3 survivors (6144K)
 Metaspace       used 74674K, committed 75520K, reserved 1179648K
  class space    used 10197K, committed 10624K, reserved 1048576K
}
Event: 667.248 GC heap after
{Heap after GC invocations=30 (full 5):
 garbage-first heap   total 96256K, used 27169K [0x0000000700a00000, 0x0000000800000000)
  region size 2048K, 0 young (0K), 0 survivors (0K)
 Metaspace       used 74671K, committed 75520K, reserved 1179648K
  class space    used 10196K, committed 10624K, reserved 1048576K
}
Event: 667.819 GC heap before
{Heap before GC invocations=30 (full 5):
 garbage-first heap   total 96256K, used 78369K [0x0000000700a00000, 0x0000000800000000)
  region size 2048K, 26 young (53248K), 0 survivors (0K)
 Metaspace       used 74871K, committed 75584K, reserved 1179648K
  class space    used 10213K, committed 10624K, reserved 1048576K
}
Event: 667.822 GC heap after
{Heap after GC invocations=31 (full 5):
 garbage-first heap   total 116736K, used 31685K [0x0000000700a00000, 0x0000000800000000)
  region size 2048K, 3 young (6144K), 3 survivors (6144K)
 Metaspace       used 74871K, committed 75584K, reserved 1179648K
  class space    used 10213K, committed 10624K, reserved 1048576K
}
Event: 673.487 GC heap before
{Heap before GC invocations=31 (full 5):
 garbage-first heap   total 116736K, used 48069K [0x0000000700a00000, 0x0000000800000000)
  region size 2048K, 12 young (24576K), 3 survivors (6144K)
 Metaspace       used 74885K, committed 75584K, reserved 1179648K
  class space    used 10215K, committed 10624K, reserved 1048576K
}
Event: 673.534 GC heap after
{Heap after GC invocations=32 (full 6):
 garbage-first heap   total 102400K, used 27341K [0x0000000700a00000, 0x0000000800000000)
  region size 2048K, 0 young (0K), 0 survivors (0K)
 Metaspace       used 74882K, committed 75584K, reserved 1179648K
  class space    used 10214K, committed 10624K, reserved 1048576K
}
Event: 674.094 GC heap before
{Heap before GC invocations=32 (full 6):
 garbage-first heap   total 102400K, used 82637K [0x0000000700a00000, 0x0000000800000000)
  region size 2048K, 28 young (57344K), 0 survivors (0K)
 Metaspace       used 75079K, committed 75776K, reserved 1179648K
  class space    used 10231K, committed 10624K, reserved 1048576K
}
Event: 674.098 GC heap after
{Heap after GC invocations=33 (full 6):
 garbage-first heap   total 102400K, used 32165K [0x0000000700a00000, 0x0000000800000000)
  region size 2048K, 3 young (6144K), 3 survivors (6144K)
 Metaspace       used 75079K, committed 75776K, reserved 1179648K
  class space    used 10231K, committed 10624K, reserved 1048576K
}
Event: 676.656 GC heap before
{Heap before GC invocations=34 (full 6):
 garbage-first heap   total 102400K, used 44453K [0x0000000700a00000, 0x0000000800000000)
  region size 2048K, 10 young (20480K), 3 survivors (6144K)
 Metaspace       used 75091K, committed 75776K, reserved 1179648K
  class space    used 10233K, committed 10624K, reserved 1048576K
}
Event: 676.703 GC heap after
{Heap after GC invocations=35 (full 7):
 garbage-first heap   total 102400K, used 27519K [0x0000000700a00000, 0x0000000800000000)
  region size 2048K, 0 young (0K), 0 survivors (0K)
 Metaspace       used 75088K, committed 75776K, reserved 1179648K
  class space    used 10232K, committed 10624K, reserved 1048576K
}
Event: 677.265 GC heap before
{Heap before GC invocations=35 (full 7):
 garbage-first heap   total 102400K, used 82815K [0x0000000700a00000, 0x0000000800000000)
  region size 2048K, 28 young (57344K), 0 survivors (0K)
 Metaspace       used 75290K, committed 76032K, reserved 1179648K
  class space    used 10250K, committed 10688K, reserved 1048576K
}
Event: 677.268 GC heap after
{Heap after GC invocations=36 (full 7):
 garbage-first heap   total 102400K, used 32385K [0x0000000700a00000, 0x0000000800000000)
  region size 2048K, 3 young (6144K), 3 survivors (6144K)
 Metaspace       used 75290K, committed 76032K, reserved 1179648K
  class space    used 10250K, committed 10688K, reserved 1048576K
}

